<?xml version="1.0" encoding="UTF-8" standalone="no"?><testsuite errors="1" failures="0" name="MaxTime" skipped="0" tests="1" time="0.22" timestamp="2023-05-24 09:04:22"><testcase name="Register day worked"><error message="Step [before of sing in Maxtime] is defined with 2 parameters at 'stepdefinitions.MaxTimeStepDefinitions.beforeOfSingInMaxtime(java.lang.String,java.lang.String)'.&#10;However, the gherkin step has 1 arguments:&#10; * Table:&#10;      | user         | password   |&#10;      | &lt;fmartinezh&gt; | &lt;Tt1463pn&gt; |&#10;&#10;Step text: before of sing in Maxtime" type="io.cucumber.core.exception.CucumberException">Step [before of sing in Maxtime] is defined with 2 parameters at 'stepdefinitions.MaxTimeStepDefinitions.beforeOfSingInMaxtime(java.lang.String,java.lang.String)'.
However, the gherkin step has 1 arguments:
 * Table:
      | user         | password   |
      | &lt;fmartinezh&gt; | &lt;Tt1463pn&gt; |

Step text: before of sing in Maxtime</error><system-err>Step [before of sing in Maxtime] is defined with 2 parameters at 'stepdefinitions.MaxTimeStepDefinitions.beforeOfSingInMaxtime(java.lang.String,java.lang.String)'.
However, the gherkin step has 1 arguments:
 * Table:
      | user         | password   |
      | &lt;fmartinezh&gt; | &lt;Tt1463pn&gt; |

Step text: before of sing in Maxtime&#13;
io.cucumber.core.runner.PickleStepDefinitionMatch.arityMismatch(PickleStepDefinitionMatch.java:83)&#13;
io.cucumber.core.runner.PickleStepDefinitionMatch.runStep(PickleStepDefinitionMatch.java:42)&#13;
io.cucumber.core.runner.TestStep.executeStep(TestStep.java:84)&#13;
io.cucumber.core.runner.TestStep.run(TestStep.java:56)&#13;
io.cucumber.core.runner.PickleStepTestStep.run(PickleStepTestStep.java:51)&#13;
io.cucumber.core.runner.TestCase.run(TestCase.java:84)&#13;
io.cucumber.core.runner.Runner.runPickle(Runner.java:75)&#13;
io.cucumber.core.runtime.CucumberExecutionContext.lambda$runTestCase$5(CucumberExecutionContext.java:137)&#13;
io.cucumber.core.runtime.RethrowingThrowableCollector.executeAndThrow(RethrowingThrowableCollector.java:23)&#13;
io.cucumber.core.runtime.CucumberExecutionContext.runTestCase(CucumberExecutionContext.java:137)&#13;
io.cucumber.junit.FeatureRunner.runChild(FeatureRunner.java:144)&#13;
io.cucumber.junit.FeatureRunner.runChild(FeatureRunner.java:28)&#13;
io.cucumber.junit.FeatureRunner.run(FeatureRunner.java:137)&#13;
io.cucumber.junit.CucumberSerenityBaseRunner.runChild(CucumberSerenityBaseRunner.java:330)&#13;
io.cucumber.junit.CucumberSerenityBaseRunner.runChild(CucumberSerenityBaseRunner.java:51)&#13;
worker.org.gradle.process.internal.worker.GradleWorkerMain.run(GradleWorkerMain.java:69)&#13;
worker.org.gradle.process.internal.worker.GradleWorkerMain.main(GradleWorkerMain.java:74)&#13;
</system-err></testcase></testsuite>